#
# There is insufficient memory for the Java Runtime Environment to continue.
# Native memory allocation (mmap) failed to map 132120576 bytes for G1 virtual space
# Possible reasons:
#   The system is out of physical RAM or swap space
#   The process is running with CompressedOops enabled, and the Java Heap may be blocking the growth of the native heap
# Possible solutions:
#   Reduce memory load on the system
#   Increase physical memory or swap space
#   Check if swap backing store is full
#   Decrease Java heap size (-Xmx/-Xms)
#   Decrease number of Java threads
#   Decrease Java thread stack sizes (-Xss)
#   Set larger code cache with -XX:ReservedCodeCacheSize=
#   JVM is running with Unscaled Compressed Oops mode in which the Java heap is
#     placed in the first 4GB address space. The Java Heap base address is the
#     maximum limit for the native heap growth. Please use -XX:HeapBaseMinAddress
#     to set the Java Heap base and to place the Java Heap above 4GB virtual address.
# This output file may be truncated or incomplete.
#
#  Out of Memory Error (os_windows.cpp:3532), pid=7368, tid=18680
#
# JRE version:  (17.0.2+8) (build )
# Java VM: OpenJDK 64-Bit Server VM (17.0.2+8-86, mixed mode, sharing, tiered, compressed oops, compressed class ptrs, g1 gc, windows-amd64)
# No core dump will be written. Minidumps are not enabled by default on client versions of Windows
#

---------------  S U M M A R Y ------------

Command Line: -Dfile.encoding=UTF-8 -XX:+ShowCodeDetailsInExceptionMessages 변수초기화_2

Host: Intel(R) Core(TM) i5-10210U CPU @ 1.60GHz, 8 cores, 7G,  Windows 11 , 64 bit Build 22000 (10.0.22000.708)
Time: Tue Oct 18 14:44:27 2022  Windows 11 , 64 bit Build 22000 (10.0.22000.708) elapsed time: 0.084997 seconds (0d 0h 0m 0s)

---------------  T H R E A D  ---------------

Current thread (0x000001b2435d3fa0):  JavaThread "Unknown thread" [_thread_in_vm, id=18680, stack(0x0000002f79d00000,0x0000002f79e00000)]

Stack: [0x0000002f79d00000,0x0000002f79e00000]
Native frames: (J=compiled Java code, j=interpreted, Vv=VM code, C=native code)
V  [jvm.dll+0x670baa]
V  [jvm.dll+0x7cfcb4]
V  [jvm.dll+0x7d145e]
V  [jvm.dll+0x7d1ac3]
V  [jvm.dll+0x242bc5]
V  [jvm.dll+0x66dac9]
V  [jvm.dll+0x662412]
V  [jvm.dll+0x300c0b]
V  [jvm.dll+0x3081a6]
V  [jvm.dll+0x357d0e]
V  [jvm.dll+0x357f3f]
V  [jvm.dll+0x2d7ec8]
V  [jvm.dll+0x2d8e34]
V  [jvm.dll+0x7a18c1]
V  [jvm.dll+0x365a91]
V  [jvm.dll+0x780d2c]
V  [jvm.dll+0x3e845f]
V  [jvm.dll+0x3e9f01]
C  [jli.dll+0x527b]
C  [ucrtbase.dll+0x26c0c]
C  [KERNEL32.DLL+0x154e0]
C  [ntdll.dll+0x485b]


---------------  P R O C E S S  ---------------

Threads class SMR info:
_java_thread_list=0x00007ffa78849858, length=0, elements={
}

Java Threads: ( => current thread )

Other Threads:
  0x000001b243611cd0 GCTaskThread "GC Thread#0" [stack: 0x0000002f79e00000,0x0000002f79f00000] [id=14496]
  0x000001b243623810 ConcurrentGCThread "G1 Main Marker" [stack: 0x0000002f79f00000,0x0000002f7a000000] [id=20160]
  0x000001b2436249c0 ConcurrentGCThread "G1 Conc#0" [stack: 0x0000002f7a000000,0x0000002f7a100000] [id=15776]

[error occurred during error reporting (printing all threads), id 0xc0000005, EXCEPTION_ACCESS_VIOLATION (0xc0000005) at pc=0x00007ffa780988a7]

VM state: not at safepoint (not fully initialized)

VM Mutex/Monitor currently owned by a thread:  ([mutex/lock_event])
[0x000001b2435d1fc0] Heap_lock - owner thread: 0x000001b2435d3fa0

Heap address: 0x0000000083200000, size: 1998 MB, Compressed Oops mode: 32-bit

CDS archive(s) mapped at: [0x0000000000000000-0x0000000000000000-0x0000000000000000), size 0, SharedBaseAddress: 0x0000000800000000, ArchiveRelocationMode: 0.
Narrow klass base: 0x0000000000000000, Narrow klass shift: 0, Narrow klass range: 0x0

GC Precious Log:
<Empty>

Heap:
 garbage-first heap   total 0K, used 0K [0x0000000083200000, 0x0000000100000000)
  region size 1024K, 0 young (0K), 0 survivors (0K)

[error occurred during error reporting (printing heap information), id 0xc0000005, EXCEPTION_ACCESS_VIOLATION (0xc0000005) at pc=0x00007ffa78479f19]

GC Heap History (0 events):
No events

Deoptimization events (0 events):
No events

Classes unloaded (0 events):
No events

Classes redefined (0 events):
No events

Internal exceptions (0 events):
No events

VM Operations (0 events):
No events

Events (1 events):
Event: 0.074 Loaded shared library C:\jdk-17.0.2\bin\java.dll


Dynamic libraries:
0x00007ff7d9190000 - 0x00007ff7d919e000 	C:\jdk-17.0.2\bin\javaw.exe
0x00007ffaf1b40000 - 0x00007ffaf1d49000 	C:\WINDOWS\SYSTEM32\ntdll.dll
0x00007ffab5470000 - 0x00007ffab5487000 	C:\Program Files\Avast Software\Avast\aswhook.dll
0x00007ffaefff0000 - 0x00007ffaf00ad000 	C:\WINDOWS\System32\KERNEL32.DLL
0x00007ffaef010000 - 0x00007ffaef38b000 	C:\WINDOWS\System32\KERNELBASE.dll
0x00007ffaef640000 - 0x00007ffaef751000 	C:\WINDOWS\System32\ucrtbase.dll
0x00007ffae1190000 - 0x00007ffae11a8000 	C:\jdk-17.0.2\bin\jli.dll
0x00007ffae09c0000 - 0x00007ffae09da000 	C:\jdk-17.0.2\bin\VCRUNTIME140.dll
0x00007ffaefbf0000 - 0x00007ffaefd9d000 	C:\WINDOWS\System32\USER32.dll
0x00007ffaef570000 - 0x00007ffaef596000 	C:\WINDOWS\System32\win32u.dll
0x00007ffaefe80000 - 0x00007ffaefea9000 	C:\WINDOWS\System32\GDI32.dll
0x00007ffaef8a0000 - 0x00007ffaef9b8000 	C:\WINDOWS\System32\gdi32full.dll
0x00007ffaef5a0000 - 0x00007ffaef63d000 	C:\WINDOWS\System32\msvcp_win.dll
0x00007ffae0630000 - 0x00007ffae08d5000 	C:\WINDOWS\WinSxS\amd64_microsoft.windows.common-controls_6595b64144ccf1df_6.0.22000.120_none_9d947278b86cc467\COMCTL32.dll
0x00007ffaf1070000 - 0x00007ffaf1113000 	C:\WINDOWS\System32\msvcrt.dll
0x00007ffaefed0000 - 0x00007ffaeff01000 	C:\WINDOWS\System32\IMM32.DLL
0x00007ffaec710000 - 0x00007ffaec71c000 	C:\jdk-17.0.2\bin\vcruntime140_1.dll
0x00007ffad0e50000 - 0x00007ffad0edd000 	C:\jdk-17.0.2\bin\msvcp140.dll
0x00007ffa77db0000 - 0x00007ffa78971000 	C:\jdk-17.0.2\bin\server\jvm.dll
0x00007ffaf1960000 - 0x00007ffaf1a0e000 	C:\WINDOWS\System32\ADVAPI32.dll
0x00007ffaefb40000 - 0x00007ffaefbde000 	C:\WINDOWS\System32\sechost.dll
0x00007ffaf0250000 - 0x00007ffaf0370000 	C:\WINDOWS\System32\RPCRT4.dll
0x00007ffaf0430000 - 0x00007ffaf0438000 	C:\WINDOWS\System32\PSAPI.DLL
0x00007ffae6d90000 - 0x00007ffae6dc3000 	C:\WINDOWS\SYSTEM32\WINMM.dll
0x00007ffae5840000 - 0x00007ffae584a000 	C:\WINDOWS\SYSTEM32\VERSION.dll
0x00007ffad8970000 - 0x00007ffad8979000 	C:\WINDOWS\SYSTEM32\WSOCK32.dll
0x00007ffaf1000000 - 0x00007ffaf106f000 	C:\WINDOWS\System32\WS2_32.dll
0x00007ffaee180000 - 0x00007ffaee198000 	C:\WINDOWS\SYSTEM32\kernel.appcore.dll
0x00007ffaec520000 - 0x00007ffaec52a000 	C:\jdk-17.0.2\bin\jimage.dll
0x00007ffadf760000 - 0x00007ffadf981000 	C:\WINDOWS\SYSTEM32\DBGHELP.DLL
0x00007ffadf720000 - 0x00007ffadf751000 	C:\WINDOWS\SYSTEM32\dbgcore.DLL
0x00007ffaef760000 - 0x00007ffaef7df000 	C:\WINDOWS\System32\bcryptPrimitives.dll
0x00007ffae11b0000 - 0x00007ffae11d5000 	C:\jdk-17.0.2\bin\java.dll

dbghelp: loaded successfully - version: 4.0.5 - missing functions: none
symbol engine: initialized successfully - sym options: 0x614 - pdb path: .;C:\jdk-17.0.2\bin;C:\WINDOWS\SYSTEM32;C:\Program Files\Avast Software\Avast;C:\WINDOWS\WinSxS\amd64_microsoft.windows.common-controls_6595b64144ccf1df_6.0.22000.120_none_9d947278b86cc467;C:\jdk-17.0.2\bin\server

VM Arguments:
jvm_args: -Dfile.encoding=UTF-8 -XX:+ShowCodeDetailsInExceptionMessages 
java_command: 변수초기화_2
java_class_path (initial): C:\javaDev\javaStudy\Chapter2_Project_page20\bin
Launcher Type: SUN_STANDARD

[Global flags]
     intx CICompilerCount                          = 4                                         {product} {ergonomic}
     uint ConcGCThreads                            = 2                                         {product} {ergonomic}
     uint G1ConcRefinementThreads                  = 8                                         {product} {ergonomic}
   size_t G1HeapRegionSize                         = 1048576                                   {product} {ergonomic}
    uintx GCDrainStackTargetSize                   = 64                                        {product} {ergonomic}
   size_t InitialHeapSize                          = 132120576                                 {product} {ergonomic}
   size_t MarkStackSize                            = 4194304                                   {product} {ergonomic}
   size_t MaxHeapSize                              = 2095054848                                {product} {ergonomic}
   size_t MinHeapDeltaBytes                        = 1048576                                   {product} {ergonomic}
   size_t MinHeapSize                              = 8388608                                   {product} {ergonomic}
    uintx NonNMethodCodeHeapSize                   = 5839372                                {pd product} {ergonomic}
    uintx NonProfiledCodeHeapSize                  = 122909434                              {pd product} {ergonomic}
    uintx ProfiledCodeHeapSize                     = 122909434                              {pd product} {ergonomic}
    uintx ReservedCodeCacheSize                    = 251658240                              {pd product} {ergonomic}
     bool SegmentedCodeCache                       = true                                      {product} {ergonomic}
     bool ShowCodeDetailsInExceptionMessages       = true                                   {manageable} {command line}
   size_t SoftMaxHeapSize                          = 2095054848                             {manageable} {ergonomic}
     bool UseCompressedClassPointers               = true                           {product lp64_product} {ergonomic}
     bool UseCompressedOops                        = true                           {product lp64_product} {ergonomic}
     bool UseG1GC                                  = true                                      {product} {ergonomic}
     bool UseLargePagesIndividualAllocation        = false                                  {pd product} {ergonomic}

Logging:
Log output configuration:
 #0: stdout all=warning uptime,level,tags
 #1: stderr all=off uptime,level,tags

Environment Variables:
JAVA_HOME=C:\Program Files\Java\jdk-11.0.16.1
CLASSPATH=.;C:\jdk-17.0.2\lib
PATH=C:/jdk-17.0.2/bin/server;C:/jdk-17.0.2/bin;C:\jdk-17.0.2\bin;C:\Program Files\Java\jdk-11.0.16.1\bin;C:\Program Files\Common Files\Oracle\Java\javapath;C:\WINDOWS\system32;C:\WINDOWS;C:\WINDOWS\System32\Wbem;C:\WINDOWS\System32\WindowsPowerShell\v1.0\;C:\WINDOWS\System32\OpenSSH\;C:\Users\82104\AppData\Local\Microsoft\WindowsApps;;C:\Users\82104\Desktop;
USERNAME=굘리리
OS=Windows_NT
PROCESSOR_IDENTIFIER=Intel64 Family 6 Model 142 Stepping 12, GenuineIntel



---------------  S Y S T E M  ---------------

OS:
 Windows 11 , 64 bit Build 22000 (10.0.22000.708)
OS uptime: 3 days 0:51 hours

CPU: total 8 (initial active 8) (4 cores per cpu, 2 threads per core) family 6 model 142 stepping 12 microcode 0xde, cx8, cmov, fxsr, ht, mmx, 3dnowpref, sse, sse2, sse3, ssse3, sse4.1, sse4.2, popcnt, lzcnt, tsc, tscinvbit, avx, avx2, aes, erms, clmul, bmi1, bmi2, adx, fma, vzeroupper, clflush, clflushopt

Memory: 4k page, system-wide physical 7990M (350M free)
TotalPageFile size 32566M (AvailPageFile size 63M)
current process WorkingSet (physical memory assigned to process): 11M, peak: 11M
current process commit charge ("private bytes"): 60M, peak: 186M

vm_info: OpenJDK 64-Bit Server VM (17.0.2+8-86) for windows-amd64 JRE (17.0.2+8-86), built on Dec  7 2021 21:49:10 by "mach5one" with MS VC++ 16.8 / 16.9 (VS2019)

END.
